{"timestamp":"2025-10-29T22:14:12.518211","level":"info","event":"DAG bundles loaded: dags-folder, example_dags","logger":"airflow.dag_processing.bundles.manager.DagBundlesManager"}
{"timestamp":"2025-10-29T22:14:12.519725","level":"info","event":"Filling up the DagBag from /opt/airflow/dags/crime_data_export.py","logger":"airflow.models.dagbag.DagBag"}
{"timestamp":"2025-10-29T22:14:14.059276Z","level":"info","event":"Task instance is in running state","chan":"stdout","logger":"task"}
{"timestamp":"2025-10-29T22:14:14.068904Z","level":"info","event":" Previous state of the Task instance: TaskInstanceState.QUEUED","chan":"stdout","logger":"task"}
{"timestamp":"2025-10-29T22:14:14.073472Z","level":"info","event":"Current task name:run_dbt_model","chan":"stdout","logger":"task"}
{"timestamp":"2025-10-29T22:14:14.091172Z","level":"info","event":"Dag name:crime_data_export","chan":"stdout","logger":"task"}
{"timestamp":"2025-10-29T22:14:14.061762","level":"info","event":"Tmp dir root location: /tmp","logger":"airflow.task.hooks.airflow.providers.standard.hooks.subprocess.SubprocessHook"}
{"timestamp":"2025-10-29T22:14:14.064494","level":"info","event":"Running command: ['/usr/bin/bash', '-c', '\\n        cd /opt/airflow/dbt/crime_data_analysis &&\\n        dbt run --select crime_by_location_type\\n        ']","logger":"airflow.task.hooks.airflow.providers.standard.hooks.subprocess.SubprocessHook"}
{"timestamp":"2025-10-29T22:14:14.088063","level":"info","event":"Output:","logger":"airflow.task.hooks.airflow.providers.standard.hooks.subprocess.SubprocessHook"}
{"timestamp":"2025-10-29T22:14:22.378921","level":"info","event":"\u001b[0m22:14:22  Running with dbt=1.10.13","logger":"airflow.task.hooks.airflow.providers.standard.hooks.subprocess.SubprocessHook"}
{"timestamp":"2025-10-29T22:14:25.719552","level":"info","event":"\u001b[0m22:14:25  Registered adapter: snowflake=1.10.2","logger":"airflow.task.hooks.airflow.providers.standard.hooks.subprocess.SubprocessHook"}
{"timestamp":"2025-10-29T22:14:26.195867","level":"info","event":"\u001b[0m22:14:26  Unable to do partial parsing because profile has changed","logger":"airflow.task.hooks.airflow.providers.standard.hooks.subprocess.SubprocessHook"}
{"timestamp":"2025-10-29T22:14:28.611855","level":"info","event":"\u001b[0m22:14:28  Found 8 models, 6 data tests, 1 source, 493 macros","logger":"airflow.task.hooks.airflow.providers.standard.hooks.subprocess.SubprocessHook"}
{"timestamp":"2025-10-29T22:14:28.614720","level":"info","event":"\u001b[0m22:14:28  The selection criterion 'crime_by_location_type' does not match any enabled nodes","logger":"airflow.task.hooks.airflow.providers.standard.hooks.subprocess.SubprocessHook"}
{"timestamp":"2025-10-29T22:14:28.617073","level":"info","event":"\u001b[0m22:14:28  Nothing to do. Try checking your model configs and model specification args","logger":"airflow.task.hooks.airflow.providers.standard.hooks.subprocess.SubprocessHook"}
{"timestamp":"2025-10-29T22:14:30.888761","level":"info","event":"Command exited with return code 0","logger":"airflow.task.hooks.airflow.providers.standard.hooks.subprocess.SubprocessHook"}
{"timestamp":"2025-10-29T22:14:30.891667","level":"info","event":"Pushing xcom","ti":"RuntimeTaskInstance(id=UUID('019a3209-1483-7888-9d41-f10afe5079b6'), task_id='run_dbt_model', dag_id='crime_data_export', run_id='manual__2025-10-29T22:14:07.155920+00:00', try_number=1, map_index=-1, hostname='3c8226156441', context_carrier={}, task=<Task(BashOperator): run_dbt_model>, bundle_instance=LocalDagBundle(name=dags-folder), max_tries=0, start_date=datetime.datetime(2025, 10, 29, 22, 14, 8, 598776, tzinfo=datetime.timezone.utc), end_date=None, state=<TaskInstanceState.RUNNING: 'running'>, is_mapped=False, rendered_map_index=None, log_url='http://localhost:8080/dags/crime_data_export/runs/manual__2025-10-29T22%3A14%3A07.155920%2B00%3A00/tasks/run_dbt_model?try_number=1')","logger":"task"}
{"timestamp":"2025-10-29T22:14:30.960178Z","level":"info","event":"Task instance in success state","chan":"stdout","logger":"task"}
{"timestamp":"2025-10-29T22:14:30.960938Z","level":"info","event":" Previous state of the Task instance: TaskInstanceState.RUNNING","chan":"stdout","logger":"task"}
{"timestamp":"2025-10-29T22:14:30.961681Z","level":"info","event":"Task operator:<Task(BashOperator): run_dbt_model>","chan":"stdout","logger":"task"}
