{"timestamp":"2025-10-29T21:52:04.710605","level":"info","event":"DAG bundles loaded: dags-folder, example_dags","logger":"airflow.dag_processing.bundles.manager.DagBundlesManager"}
{"timestamp":"2025-10-29T21:52:04.712009","level":"info","event":"Filling up the DagBag from /opt/airflow/dags/crime_data_export.py","logger":"airflow.models.dagbag.DagBag"}
{"timestamp":"2025-10-29T21:52:05.253042Z","level":"info","event":"Task instance is in running state","chan":"stdout","logger":"task"}
{"timestamp":"2025-10-29T21:52:05.253744Z","level":"info","event":" Previous state of the Task instance: TaskInstanceState.QUEUED","chan":"stdout","logger":"task"}
{"timestamp":"2025-10-29T21:52:05.254393Z","level":"info","event":"Current task name:run_dbt_model","chan":"stdout","logger":"task"}
{"timestamp":"2025-10-29T21:52:05.254898Z","level":"info","event":"Dag name:crime_data_export","chan":"stdout","logger":"task"}
{"timestamp":"2025-10-29T21:52:05.258707","level":"info","event":"Tmp dir root location: /tmp","logger":"airflow.task.hooks.airflow.providers.standard.hooks.subprocess.SubprocessHook"}
{"timestamp":"2025-10-29T21:52:05.261179","level":"info","event":"Running command: ['/usr/bin/bash', '-c', '\\n        cd /opt/airflow/dbt/crime_data_analysis &&\\n        dbt run --select crime_by_location_type\\n        ']","logger":"airflow.task.hooks.airflow.providers.standard.hooks.subprocess.SubprocessHook"}
{"timestamp":"2025-10-29T21:52:05.289636","level":"info","event":"Output:","logger":"airflow.task.hooks.airflow.providers.standard.hooks.subprocess.SubprocessHook"}
{"timestamp":"2025-10-29T21:52:09.801470","level":"info","event":"\u001b[0m21:52:09  Running with dbt=1.10.13","logger":"airflow.task.hooks.airflow.providers.standard.hooks.subprocess.SubprocessHook"}
{"timestamp":"2025-10-29T21:52:12.161006","level":"info","event":"\u001b[0m21:52:12  Registered adapter: snowflake=1.10.2","logger":"airflow.task.hooks.airflow.providers.standard.hooks.subprocess.SubprocessHook"}
{"timestamp":"2025-10-29T21:52:13.610608","level":"info","event":"\u001b[0m21:52:13  Found 8 models, 6 data tests, 1 source, 493 macros","logger":"airflow.task.hooks.airflow.providers.standard.hooks.subprocess.SubprocessHook"}
{"timestamp":"2025-10-29T21:52:13.616147","level":"info","event":"\u001b[0m21:52:13","logger":"airflow.task.hooks.airflow.providers.standard.hooks.subprocess.SubprocessHook"}
{"timestamp":"2025-10-29T21:52:13.618093","level":"info","event":"\u001b[0m21:52:13  Concurrency: 4 threads (target='dev')","logger":"airflow.task.hooks.airflow.providers.standard.hooks.subprocess.SubprocessHook"}
{"timestamp":"2025-10-29T21:52:13.620841","level":"info","event":"\u001b[0m21:52:13","logger":"airflow.task.hooks.airflow.providers.standard.hooks.subprocess.SubprocessHook"}
{"timestamp":"2025-10-29T21:52:16.726414","level":"info","event":"\u001b[0m21:52:16  1 of 1 START sql view model FINAL.crime_by_location_type ....................... [RUN]","logger":"airflow.task.hooks.airflow.providers.standard.hooks.subprocess.SubprocessHook"}
{"timestamp":"2025-10-29T21:52:17.078632","level":"info","event":"\u001b[0m21:52:17  1 of 1 OK created sql view model FINAL.crime_by_location_type .................. [\u001b[32mSUCCESS 1\u001b[0m in 0.34s]","logger":"airflow.task.hooks.airflow.providers.standard.hooks.subprocess.SubprocessHook"}
{"timestamp":"2025-10-29T21:52:17.560545","level":"info","event":"\u001b[0m21:52:17","logger":"airflow.task.hooks.airflow.providers.standard.hooks.subprocess.SubprocessHook"}
{"timestamp":"2025-10-29T21:52:17.561813","level":"info","event":"\u001b[0m21:52:17  Finished running 1 view model in 0 hours 0 minutes and 3.94 seconds (3.94s).","logger":"airflow.task.hooks.airflow.providers.standard.hooks.subprocess.SubprocessHook"}
{"timestamp":"2025-10-29T21:52:17.677471","level":"info","event":"\u001b[0m21:52:17","logger":"airflow.task.hooks.airflow.providers.standard.hooks.subprocess.SubprocessHook"}
{"timestamp":"2025-10-29T21:52:17.678952","level":"info","event":"\u001b[0m21:52:17  \u001b[32mCompleted successfully\u001b[0m","logger":"airflow.task.hooks.airflow.providers.standard.hooks.subprocess.SubprocessHook"}
{"timestamp":"2025-10-29T21:52:17.680322","level":"info","event":"\u001b[0m21:52:17","logger":"airflow.task.hooks.airflow.providers.standard.hooks.subprocess.SubprocessHook"}
{"timestamp":"2025-10-29T21:52:17.682712","level":"info","event":"\u001b[0m21:52:17  Done. PASS=1 WARN=0 ERROR=0 SKIP=0 NO-OP=0 TOTAL=1","logger":"airflow.task.hooks.airflow.providers.standard.hooks.subprocess.SubprocessHook"}
{"timestamp":"2025-10-29T21:52:20.066782","level":"info","event":"Command exited with return code 0","logger":"airflow.task.hooks.airflow.providers.standard.hooks.subprocess.SubprocessHook"}
{"timestamp":"2025-10-29T21:52:20.070735","level":"info","event":"Pushing xcom","ti":"RuntimeTaskInstance(id=UUID('019a31f4-dc91-729c-a59e-4ab210138f65'), task_id='run_dbt_model', dag_id='crime_data_export', run_id='manual__2025-10-29T21:52:02.126393+00:00', try_number=1, map_index=-1, hostname='3c8226156441', context_carrier={}, task=<Task(BashOperator): run_dbt_model>, bundle_instance=LocalDagBundle(name=dags-folder), max_tries=0, start_date=datetime.datetime(2025, 10, 29, 21, 52, 3, 314554, tzinfo=datetime.timezone.utc), end_date=None, state=<TaskInstanceState.RUNNING: 'running'>, is_mapped=False, rendered_map_index=None, log_url='http://localhost:8080/dags/crime_data_export/runs/manual__2025-10-29T21%3A52%3A02.126393%2B00%3A00/tasks/run_dbt_model?try_number=1')","logger":"task"}
{"timestamp":"2025-10-29T21:52:20.157652Z","level":"info","event":"Task instance in success state","chan":"stdout","logger":"task"}
{"timestamp":"2025-10-29T21:52:20.158527Z","level":"info","event":" Previous state of the Task instance: TaskInstanceState.RUNNING","chan":"stdout","logger":"task"}
{"timestamp":"2025-10-29T21:52:20.159193Z","level":"info","event":"Task operator:<Task(BashOperator): run_dbt_model>","chan":"stdout","logger":"task"}
