{"timestamp":"2025-10-29T21:07:38.996037","level":"info","event":"DAG bundles loaded: dags-folder, example_dags","logger":"airflow.dag_processing.bundles.manager.DagBundlesManager"}
{"timestamp":"2025-10-29T21:07:38.997077","level":"info","event":"Filling up the DagBag from /opt/airflow/dags/crime_data_export.py","logger":"airflow.models.dagbag.DagBag"}
{"timestamp":"2025-10-29T21:07:40.541739Z","level":"info","event":"Task instance is in running state","chan":"stdout","logger":"task"}
{"timestamp":"2025-10-29T21:07:40.542393Z","level":"info","event":" Previous state of the Task instance: TaskInstanceState.QUEUED","chan":"stdout","logger":"task"}
{"timestamp":"2025-10-29T21:07:40.543077Z","level":"info","event":"Current task name:run_dbt_model","chan":"stdout","logger":"task"}
{"timestamp":"2025-10-29T21:07:40.543496Z","level":"info","event":"Dag name:crime_data_export","chan":"stdout","logger":"task"}
{"timestamp":"2025-10-29T21:07:40.543181","level":"info","event":"Tmp dir root location: /tmp","logger":"airflow.task.hooks.airflow.providers.standard.hooks.subprocess.SubprocessHook"}
{"timestamp":"2025-10-29T21:07:40.544438","level":"info","event":"Running command: ['/usr/bin/bash', '-c', 'cd /opt/airflow/dbt/crime_data_analysis && dbt run --select crime_by_location_type']","logger":"airflow.task.hooks.airflow.providers.standard.hooks.subprocess.SubprocessHook"}
{"timestamp":"2025-10-29T21:07:40.564133","level":"info","event":"Output:","logger":"airflow.task.hooks.airflow.providers.standard.hooks.subprocess.SubprocessHook"}
{"timestamp":"2025-10-29T21:07:43.275418","level":"info","event":"Usage: dbt run [OPTIONS]","logger":"airflow.task.hooks.airflow.providers.standard.hooks.subprocess.SubprocessHook"}
{"timestamp":"2025-10-29T21:07:43.275698","level":"info","event":"Try 'dbt run -h' for help.","logger":"airflow.task.hooks.airflow.providers.standard.hooks.subprocess.SubprocessHook"}
{"timestamp":"2025-10-29T21:07:43.275835","level":"info","event":"","logger":"airflow.task.hooks.airflow.providers.standard.hooks.subprocess.SubprocessHook"}
{"timestamp":"2025-10-29T21:07:43.275925","level":"info","event":"Error: Invalid value for '--profiles-dir': Path '/home/airflow/.dbt' does not exist.","logger":"airflow.task.hooks.airflow.providers.standard.hooks.subprocess.SubprocessHook"}
{"timestamp":"2025-10-29T21:07:43.656938","level":"info","event":"Command exited with return code 2","logger":"airflow.task.hooks.airflow.providers.standard.hooks.subprocess.SubprocessHook"}
{"timestamp":"2025-10-29T21:07:43.658148","level":"error","event":"Task failed with exception","logger":"task","error_detail":[{"exc_type":"AirflowException","exc_value":"Bash command failed. The command returned a non-zero exit code 2.","exc_notes":[],"syntax_error":null,"is_cause":false,"frames":[{"filename":"/home/airflow/.local/lib/python3.12/site-packages/airflow/sdk/execution_time/task_runner.py","lineno":920,"name":"run"},{"filename":"/home/airflow/.local/lib/python3.12/site-packages/airflow/sdk/execution_time/task_runner.py","lineno":1215,"name":"_execute_task"},{"filename":"/home/airflow/.local/lib/python3.12/site-packages/airflow/sdk/bases/operator.py","lineno":397,"name":"wrapper"},{"filename":"/home/airflow/.local/lib/python3.12/site-packages/airflow/providers/standard/operators/bash.py","lineno":232,"name":"execute"}],"is_group":false,"exceptions":[]}]}
{"timestamp":"2025-10-29T21:07:43.666455","level":"error","event":"Airflow Task Failed\n    DAG: crime_data_export\n    Task: run_dbt_model\n    Execution Date: None\n    Log: http://localhost:8080/dags/crime_data_export/runs/manual__2025-10-29T21%3A07%3A34.507031%2B00%3A00/tasks/run_dbt_model?try_number=1\n    ","logger":"root"}
{"timestamp":"2025-10-29T21:07:43.667978Z","level":"info","event":"Task instance in failure state","chan":"stdout","logger":"task"}
{"timestamp":"2025-10-29T21:07:43.668671Z","level":"info","event":"Task start","chan":"stdout","logger":"task"}
{"timestamp":"2025-10-29T21:07:43.669306Z","level":"info","event":"Task:<Task(BashOperator): run_dbt_model>","chan":"stdout","logger":"task"}
{"timestamp":"2025-10-29T21:07:43.669902Z","level":"info","event":"Failure caused by Bash command failed. The command returned a non-zero exit code 2.","chan":"stdout","logger":"task"}
