{"timestamp":"2025-10-29T21:48:14.700608","level":"info","event":"DAG bundles loaded: dags-folder, example_dags","logger":"airflow.dag_processing.bundles.manager.DagBundlesManager"}
{"timestamp":"2025-10-29T21:48:14.701297","level":"info","event":"Filling up the DagBag from /opt/airflow/dags/crime_data_export.py","logger":"airflow.models.dagbag.DagBag"}
{"timestamp":"2025-10-29T21:48:15.363412Z","level":"info","event":"Task instance is in running state","chan":"stdout","logger":"task"}
{"timestamp":"2025-10-29T21:48:15.364060Z","level":"info","event":" Previous state of the Task instance: TaskInstanceState.QUEUED","chan":"stdout","logger":"task"}
{"timestamp":"2025-10-29T21:48:15.364872Z","level":"info","event":"Current task name:run_dbt_model","chan":"stdout","logger":"task"}
{"timestamp":"2025-10-29T21:48:15.366317Z","level":"info","event":"Dag name:crime_data_export","chan":"stdout","logger":"task"}
{"timestamp":"2025-10-29T21:48:15.368269","level":"info","event":"Tmp dir root location: /tmp","logger":"airflow.task.hooks.airflow.providers.standard.hooks.subprocess.SubprocessHook"}
{"timestamp":"2025-10-29T21:48:15.371648","level":"info","event":"Running command: ['/usr/bin/bash', '-c', '\\n        cd /opt/airflow/dbt/crime_data_analysis &&\\n        dbt run --select crime_by_location_type\\n        ']","logger":"airflow.task.hooks.airflow.providers.standard.hooks.subprocess.SubprocessHook"}
{"timestamp":"2025-10-29T21:48:15.393674","level":"info","event":"Output:","logger":"airflow.task.hooks.airflow.providers.standard.hooks.subprocess.SubprocessHook"}
{"timestamp":"2025-10-29T21:48:19.365086","level":"info","event":"\u001b[0m21:48:19  Running with dbt=1.10.13","logger":"airflow.task.hooks.airflow.providers.standard.hooks.subprocess.SubprocessHook"}
{"timestamp":"2025-10-29T21:48:21.662912","level":"info","event":"\u001b[0m21:48:21  Registered adapter: snowflake=1.10.2","logger":"airflow.task.hooks.airflow.providers.standard.hooks.subprocess.SubprocessHook"}
{"timestamp":"2025-10-29T21:48:22.800280","level":"info","event":"\u001b[0m21:48:22  Found 8 models, 6 data tests, 1 source, 493 macros","logger":"airflow.task.hooks.airflow.providers.standard.hooks.subprocess.SubprocessHook"}
{"timestamp":"2025-10-29T21:48:22.805393","level":"info","event":"\u001b[0m21:48:22","logger":"airflow.task.hooks.airflow.providers.standard.hooks.subprocess.SubprocessHook"}
{"timestamp":"2025-10-29T21:48:22.807492","level":"info","event":"\u001b[0m21:48:22  Concurrency: 4 threads (target='dev')","logger":"airflow.task.hooks.airflow.providers.standard.hooks.subprocess.SubprocessHook"}
{"timestamp":"2025-10-29T21:48:22.822474","level":"info","event":"\u001b[0m21:48:22","logger":"airflow.task.hooks.airflow.providers.standard.hooks.subprocess.SubprocessHook"}
{"timestamp":"2025-10-29T21:48:25.590412","level":"info","event":"\u001b[0m21:48:25  1 of 1 START sql view model FINAL.crime_by_location_type ....................... [RUN]","logger":"airflow.task.hooks.airflow.providers.standard.hooks.subprocess.SubprocessHook"}
{"timestamp":"2025-10-29T21:48:26.000175","level":"info","event":"\u001b[0m21:48:25  1 of 1 OK created sql view model FINAL.crime_by_location_type .................. [\u001b[32mSUCCESS 1\u001b[0m in 0.40s]","logger":"airflow.task.hooks.airflow.providers.standard.hooks.subprocess.SubprocessHook"}
{"timestamp":"2025-10-29T21:48:26.422870","level":"info","event":"\u001b[0m21:48:26","logger":"airflow.task.hooks.airflow.providers.standard.hooks.subprocess.SubprocessHook"}
{"timestamp":"2025-10-29T21:48:26.425777","level":"info","event":"\u001b[0m21:48:26  Finished running 1 view model in 0 hours 0 minutes and 3.59 seconds (3.59s).","logger":"airflow.task.hooks.airflow.providers.standard.hooks.subprocess.SubprocessHook"}
{"timestamp":"2025-10-29T21:48:26.528282","level":"info","event":"\u001b[0m21:48:26","logger":"airflow.task.hooks.airflow.providers.standard.hooks.subprocess.SubprocessHook"}
{"timestamp":"2025-10-29T21:48:26.529446","level":"info","event":"\u001b[0m21:48:26  \u001b[32mCompleted successfully\u001b[0m","logger":"airflow.task.hooks.airflow.providers.standard.hooks.subprocess.SubprocessHook"}
{"timestamp":"2025-10-29T21:48:26.530133","level":"info","event":"\u001b[0m21:48:26","logger":"airflow.task.hooks.airflow.providers.standard.hooks.subprocess.SubprocessHook"}
{"timestamp":"2025-10-29T21:48:26.530914","level":"info","event":"\u001b[0m21:48:26  Done. PASS=1 WARN=0 ERROR=0 SKIP=0 NO-OP=0 TOTAL=1","logger":"airflow.task.hooks.airflow.providers.standard.hooks.subprocess.SubprocessHook"}
{"timestamp":"2025-10-29T21:48:28.318299","level":"info","event":"Command exited with return code 0","logger":"airflow.task.hooks.airflow.providers.standard.hooks.subprocess.SubprocessHook"}
{"timestamp":"2025-10-29T21:48:28.319333","level":"info","event":"Pushing xcom","ti":"RuntimeTaskInstance(id=UUID('019a31f1-66c2-7eac-aae3-fb47b38add59'), task_id='run_dbt_model', dag_id='crime_data_export', run_id='manual__2025-10-29T21:48:15.394588+00:00', try_number=1, map_index=-1, hostname='3c8226156441', context_carrier={}, task=<Task(BashOperator): run_dbt_model>, bundle_instance=LocalDagBundle(name=dags-folder), max_tries=0, start_date=datetime.datetime(2025, 10, 29, 21, 48, 13, 679331, tzinfo=datetime.timezone.utc), end_date=None, state=<TaskInstanceState.RUNNING: 'running'>, is_mapped=False, rendered_map_index=None, log_url='http://localhost:8080/dags/crime_data_export/runs/manual__2025-10-29T21%3A48%3A15.394588%2B00%3A00/tasks/run_dbt_model?try_number=1')","logger":"task"}
{"timestamp":"2025-10-29T21:48:28.369339Z","level":"info","event":"Task instance in success state","chan":"stdout","logger":"task"}
{"timestamp":"2025-10-29T21:48:28.373735Z","level":"info","event":" Previous state of the Task instance: TaskInstanceState.RUNNING","chan":"stdout","logger":"task"}
{"timestamp":"2025-10-29T21:48:28.374453Z","level":"info","event":"Task operator:<Task(BashOperator): run_dbt_model>","chan":"stdout","logger":"task"}
