{"timestamp":"2025-10-29T21:43:14.033134","level":"info","event":"DAG bundles loaded: dags-folder, example_dags","logger":"airflow.dag_processing.bundles.manager.DagBundlesManager"}
{"timestamp":"2025-10-29T21:43:14.033735","level":"info","event":"Filling up the DagBag from /opt/airflow/dags/crime_data_export.py","logger":"airflow.models.dagbag.DagBag"}
{"timestamp":"2025-10-29T21:43:15.219703Z","level":"info","event":"Task instance is in running state","chan":"stdout","logger":"task"}
{"timestamp":"2025-10-29T21:43:15.222371Z","level":"info","event":" Previous state of the Task instance: TaskInstanceState.QUEUED","chan":"stdout","logger":"task"}
{"timestamp":"2025-10-29T21:43:15.222996Z","level":"info","event":"Current task name:run_dbt_model","chan":"stdout","logger":"task"}
{"timestamp":"2025-10-29T21:43:15.223290Z","level":"info","event":"Dag name:crime_data_export","chan":"stdout","logger":"task"}
{"timestamp":"2025-10-29T21:43:15.220805","level":"info","event":"Tmp dir root location: /tmp","logger":"airflow.task.hooks.airflow.providers.standard.hooks.subprocess.SubprocessHook"}
{"timestamp":"2025-10-29T21:43:15.222727","level":"info","event":"Running command: ['/usr/bin/bash', '-c', '\\n        cd /opt/airflow/dbt/crime_data_analysis &&\\n        dbt run --select crime_by_location_type\\n        ']","logger":"airflow.task.hooks.airflow.providers.standard.hooks.subprocess.SubprocessHook"}
{"timestamp":"2025-10-29T21:43:15.243024","level":"info","event":"Output:","logger":"airflow.task.hooks.airflow.providers.standard.hooks.subprocess.SubprocessHook"}
{"timestamp":"2025-10-29T21:43:18.044841","level":"info","event":"\u001b[0m21:43:18  Running with dbt=1.10.13","logger":"airflow.task.hooks.airflow.providers.standard.hooks.subprocess.SubprocessHook"}
{"timestamp":"2025-10-29T21:43:20.156404","level":"info","event":"\u001b[0m21:43:20  Registered adapter: snowflake=1.10.2","logger":"airflow.task.hooks.airflow.providers.standard.hooks.subprocess.SubprocessHook"}
{"timestamp":"2025-10-29T21:43:20.665141","level":"info","event":"\u001b[0m21:43:20  Unable to do partial parsing because profile has changed","logger":"airflow.task.hooks.airflow.providers.standard.hooks.subprocess.SubprocessHook"}
{"timestamp":"2025-10-29T21:43:23.307155","level":"info","event":"\u001b[0m21:43:23  Found 8 models, 6 data tests, 1 source, 493 macros","logger":"airflow.task.hooks.airflow.providers.standard.hooks.subprocess.SubprocessHook"}
{"timestamp":"2025-10-29T21:43:23.310268","level":"info","event":"\u001b[0m21:43:23","logger":"airflow.task.hooks.airflow.providers.standard.hooks.subprocess.SubprocessHook"}
{"timestamp":"2025-10-29T21:43:23.311221","level":"info","event":"\u001b[0m21:43:23  Concurrency: 4 threads (target='dev')","logger":"airflow.task.hooks.airflow.providers.standard.hooks.subprocess.SubprocessHook"}
{"timestamp":"2025-10-29T21:43:23.311996","level":"info","event":"\u001b[0m21:43:23","logger":"airflow.task.hooks.airflow.providers.standard.hooks.subprocess.SubprocessHook"}
{"timestamp":"2025-10-29T21:43:27.415558","level":"info","event":"\u001b[0m21:43:27  1 of 1 START sql view model FINAL.crime_by_location_type ....................... [RUN]","logger":"airflow.task.hooks.airflow.providers.standard.hooks.subprocess.SubprocessHook"}
{"timestamp":"2025-10-29T21:43:27.782830","level":"info","event":"\u001b[0m21:43:27  1 of 1 OK created sql view model FINAL.crime_by_location_type .................. [\u001b[32mSUCCESS 1\u001b[0m in 0.36s]","logger":"airflow.task.hooks.airflow.providers.standard.hooks.subprocess.SubprocessHook"}
{"timestamp":"2025-10-29T21:43:28.176918","level":"info","event":"\u001b[0m21:43:28","logger":"airflow.task.hooks.airflow.providers.standard.hooks.subprocess.SubprocessHook"}
{"timestamp":"2025-10-29T21:43:28.180932","level":"info","event":"\u001b[0m21:43:28  Finished running 1 view model in 0 hours 0 minutes and 4.86 seconds (4.86s).","logger":"airflow.task.hooks.airflow.providers.standard.hooks.subprocess.SubprocessHook"}
{"timestamp":"2025-10-29T21:43:28.310733","level":"info","event":"\u001b[0m21:43:28","logger":"airflow.task.hooks.airflow.providers.standard.hooks.subprocess.SubprocessHook"}
{"timestamp":"2025-10-29T21:43:28.312060","level":"info","event":"\u001b[0m21:43:28  \u001b[32mCompleted successfully\u001b[0m","logger":"airflow.task.hooks.airflow.providers.standard.hooks.subprocess.SubprocessHook"}
{"timestamp":"2025-10-29T21:43:28.313722","level":"info","event":"\u001b[0m21:43:28","logger":"airflow.task.hooks.airflow.providers.standard.hooks.subprocess.SubprocessHook"}
{"timestamp":"2025-10-29T21:43:28.316288","level":"info","event":"\u001b[0m21:43:28  Done. PASS=1 WARN=0 ERROR=0 SKIP=0 NO-OP=0 TOTAL=1","logger":"airflow.task.hooks.airflow.providers.standard.hooks.subprocess.SubprocessHook"}
{"timestamp":"2025-10-29T21:43:30.529930","level":"info","event":"Command exited with return code 0","logger":"airflow.task.hooks.airflow.providers.standard.hooks.subprocess.SubprocessHook"}
{"timestamp":"2025-10-29T21:43:30.531498","level":"info","event":"Pushing xcom","ti":"RuntimeTaskInstance(id=UUID('019a31ec-c41c-7a60-b6f1-ec769df7f227'), task_id='run_dbt_model', dag_id='crime_data_export', run_id='manual__2025-10-29T21:43:11.609734+00:00', try_number=1, map_index=-1, hostname='3c8226156441', context_carrier={}, task=<Task(BashOperator): run_dbt_model>, bundle_instance=LocalDagBundle(name=dags-folder), max_tries=0, start_date=datetime.datetime(2025, 10, 29, 21, 43, 13, 271018, tzinfo=datetime.timezone.utc), end_date=None, state=<TaskInstanceState.RUNNING: 'running'>, is_mapped=False, rendered_map_index=None, log_url='http://localhost:8080/dags/crime_data_export/runs/manual__2025-10-29T21%3A43%3A11.609734%2B00%3A00/tasks/run_dbt_model?try_number=1')","logger":"task"}
{"timestamp":"2025-10-29T21:43:30.639673Z","level":"info","event":"Task instance in success state","chan":"stdout","logger":"task"}
{"timestamp":"2025-10-29T21:43:30.640513Z","level":"info","event":" Previous state of the Task instance: TaskInstanceState.RUNNING","chan":"stdout","logger":"task"}
{"timestamp":"2025-10-29T21:43:30.643577Z","level":"info","event":"Task operator:<Task(BashOperator): run_dbt_model>","chan":"stdout","logger":"task"}
