{"timestamp":"2025-10-29T21:46:24.998273","level":"info","event":"DAG bundles loaded: dags-folder, example_dags","logger":"airflow.dag_processing.bundles.manager.DagBundlesManager"}
{"timestamp":"2025-10-29T21:46:24.999126","level":"info","event":"Filling up the DagBag from /opt/airflow/dags/crime_data_export.py","logger":"airflow.models.dagbag.DagBag"}
{"timestamp":"2025-10-29T21:46:25.727404Z","level":"info","event":"Task instance is in running state","chan":"stdout","logger":"task"}
{"timestamp":"2025-10-29T21:46:25.728340Z","level":"info","event":" Previous state of the Task instance: TaskInstanceState.QUEUED","chan":"stdout","logger":"task"}
{"timestamp":"2025-10-29T21:46:25.729075Z","level":"info","event":"Current task name:run_dbt_model","chan":"stdout","logger":"task"}
{"timestamp":"2025-10-29T21:46:25.729729Z","level":"info","event":"Dag name:crime_data_export","chan":"stdout","logger":"task"}
{"timestamp":"2025-10-29T21:46:25.731260","level":"info","event":"Tmp dir root location: /tmp","logger":"airflow.task.hooks.airflow.providers.standard.hooks.subprocess.SubprocessHook"}
{"timestamp":"2025-10-29T21:46:25.734364","level":"info","event":"Running command: ['/usr/bin/bash', '-c', '\\n        cd /opt/airflow/dbt/crime_data_analysis &&\\n        dbt run --select crime_by_location_type\\n        ']","logger":"airflow.task.hooks.airflow.providers.standard.hooks.subprocess.SubprocessHook"}
{"timestamp":"2025-10-29T21:46:25.759526","level":"info","event":"Output:","logger":"airflow.task.hooks.airflow.providers.standard.hooks.subprocess.SubprocessHook"}
{"timestamp":"2025-10-29T21:46:30.892678","level":"info","event":"\u001b[0m21:46:30  Running with dbt=1.10.13","logger":"airflow.task.hooks.airflow.providers.standard.hooks.subprocess.SubprocessHook"}
{"timestamp":"2025-10-29T21:46:32.447651","level":"info","event":"\u001b[0m21:46:32  Registered adapter: snowflake=1.10.2","logger":"airflow.task.hooks.airflow.providers.standard.hooks.subprocess.SubprocessHook"}
{"timestamp":"2025-10-29T21:46:33.567149","level":"info","event":"\u001b[0m21:46:33  Found 8 models, 6 data tests, 1 source, 493 macros","logger":"airflow.task.hooks.airflow.providers.standard.hooks.subprocess.SubprocessHook"}
{"timestamp":"2025-10-29T21:46:33.575284","level":"info","event":"\u001b[0m21:46:33","logger":"airflow.task.hooks.airflow.providers.standard.hooks.subprocess.SubprocessHook"}
{"timestamp":"2025-10-29T21:46:33.578321","level":"info","event":"\u001b[0m21:46:33  Concurrency: 4 threads (target='dev')","logger":"airflow.task.hooks.airflow.providers.standard.hooks.subprocess.SubprocessHook"}
{"timestamp":"2025-10-29T21:46:33.579141","level":"info","event":"\u001b[0m21:46:33","logger":"airflow.task.hooks.airflow.providers.standard.hooks.subprocess.SubprocessHook"}
{"timestamp":"2025-10-29T21:46:36.053465","level":"info","event":"\u001b[0m21:46:36  1 of 1 START sql view model FINAL.crime_by_location_type ....................... [RUN]","logger":"airflow.task.hooks.airflow.providers.standard.hooks.subprocess.SubprocessHook"}
{"timestamp":"2025-10-29T21:46:36.490701","level":"info","event":"\u001b[0m21:46:36  1 of 1 OK created sql view model FINAL.crime_by_location_type .................. [\u001b[32mSUCCESS 1\u001b[0m in 0.43s]","logger":"airflow.task.hooks.airflow.providers.standard.hooks.subprocess.SubprocessHook"}
{"timestamp":"2025-10-29T21:46:36.843947","level":"info","event":"\u001b[0m21:46:36","logger":"airflow.task.hooks.airflow.providers.standard.hooks.subprocess.SubprocessHook"}
{"timestamp":"2025-10-29T21:46:36.845671","level":"info","event":"\u001b[0m21:46:36  Finished running 1 view model in 0 hours 0 minutes and 3.26 seconds (3.26s).","logger":"airflow.task.hooks.airflow.providers.standard.hooks.subprocess.SubprocessHook"}
{"timestamp":"2025-10-29T21:46:37.062801","level":"info","event":"\u001b[0m21:46:37","logger":"airflow.task.hooks.airflow.providers.standard.hooks.subprocess.SubprocessHook"}
{"timestamp":"2025-10-29T21:46:37.063765","level":"info","event":"\u001b[0m21:46:37  \u001b[32mCompleted successfully\u001b[0m","logger":"airflow.task.hooks.airflow.providers.standard.hooks.subprocess.SubprocessHook"}
{"timestamp":"2025-10-29T21:46:37.064497","level":"info","event":"\u001b[0m21:46:37","logger":"airflow.task.hooks.airflow.providers.standard.hooks.subprocess.SubprocessHook"}
{"timestamp":"2025-10-29T21:46:37.065143","level":"info","event":"\u001b[0m21:46:37  Done. PASS=1 WARN=0 ERROR=0 SKIP=0 NO-OP=0 TOTAL=1","logger":"airflow.task.hooks.airflow.providers.standard.hooks.subprocess.SubprocessHook"}
{"timestamp":"2025-10-29T21:46:38.894424","level":"info","event":"Command exited with return code 0","logger":"airflow.task.hooks.airflow.providers.standard.hooks.subprocess.SubprocessHook"}
{"timestamp":"2025-10-29T21:46:38.895405","level":"info","event":"Pushing xcom","ti":"RuntimeTaskInstance(id=UUID('019a31ef-b5bb-75c8-8c59-54a509906802'), task_id='run_dbt_model', dag_id='crime_data_export', run_id='manual__2025-10-29T21:46:24.505860+00:00', try_number=1, map_index=-1, hostname='3c8226156441', context_carrier={}, task=<Task(BashOperator): run_dbt_model>, bundle_instance=LocalDagBundle(name=dags-folder), max_tries=0, start_date=datetime.datetime(2025, 10, 29, 21, 46, 25, 921510, tzinfo=datetime.timezone.utc), end_date=None, state=<TaskInstanceState.RUNNING: 'running'>, is_mapped=False, rendered_map_index=None, log_url='http://localhost:8080/dags/crime_data_export/runs/manual__2025-10-29T21%3A46%3A24.505860%2B00%3A00/tasks/run_dbt_model?try_number=1')","logger":"task"}
{"timestamp":"2025-10-29T21:46:38.932189Z","level":"info","event":"Task instance in success state","chan":"stdout","logger":"task"}
{"timestamp":"2025-10-29T21:46:38.932574Z","level":"info","event":" Previous state of the Task instance: TaskInstanceState.RUNNING","chan":"stdout","logger":"task"}
{"timestamp":"2025-10-29T21:46:38.933029Z","level":"info","event":"Task operator:<Task(BashOperator): run_dbt_model>","chan":"stdout","logger":"task"}
